<?xml version="1.0" encoding="UTF-8"?>
<testsuite name="mandelbrot.ComplexTest" tests="16" skipped="0" failures="0" errors="0" timestamp="2022-09-19T11:38:41" hostname="AGHILAS" time="0.419">
  <properties/>
  <testcase name="testDivideByZero()" classname="mandelbrot.ComplexTest" time="0.166"/>
  <testcase name="testAdd()" classname="mandelbrot.ComplexTest" time="0.003"/>
  <testcase name="testOne()" classname="mandelbrot.ComplexTest" time="0.014"/>
  <testcase name="testBasicToString()" classname="mandelbrot.ComplexTest" time="0.135"/>
  <testcase name="testZero()" classname="mandelbrot.ComplexTest" time="0.005"/>
  <testcase name="testReciprocal()" classname="mandelbrot.ComplexTest" time="0.004"/>
  <testcase name="testGetReal()" classname="mandelbrot.ComplexTest" time="0.008"/>
  <testcase name="testReciprocalOfZero()" classname="mandelbrot.ComplexTest" time="0.007"/>
  <testcase name="testConjugate()" classname="mandelbrot.ComplexTest" time="0.003"/>
  <testcase name="testI()" classname="mandelbrot.ComplexTest" time="0.002"/>
  <testcase name="testGetImaginary()" classname="mandelbrot.ComplexTest" time="0.002"/>
  <testcase name="testRotation()" classname="mandelbrot.ComplexTest" time="0.002"/>
  <testcase name="testDivide()" classname="mandelbrot.ComplexTest" time="0.003"/>
  <testcase name="testEquals()" classname="mandelbrot.ComplexTest" time="0.002"/>
  <testcase name="testNegate()" classname="mandelbrot.ComplexTest" time="0.003"/>
  <testcase name="testToStringFormat()" classname="mandelbrot.ComplexTest" time="0.01"/>
  <system-out><![CDATA[]]></system-out>
  <system-err><![CDATA[]]></system-err>
</testsuite>
